[4664:35828:0408/145855.850:WARNING:chrome_main_delegate.cc(745)] This is Chrome version 128.0.6613.138 (not a warning)
[4664:24712:0408/145855.966:ERROR:google_update_settings.cc(265)] Failed opening key Software\Chromium to set usagestats; result: 5
[4664:35828:0408/145855.981:WARNING:account_consistency_mode_manager.cc(77)] Desktop Identity Consistency cannot be enabled as no OAuth client ID and client secret have been configured.
[37408:20136:0408/145902.094:WARNING:frame_impl.cc(430)] virtual CefFrameImpl::SendProcessMessage sent to detached frame 5-1AE8130D25E514D78265D8DC714F7A23 will be ignored
[4664:36236:0408/145902.736:WARNING:browser_info.cc(345)] Returning a speculative frame for [8,9]
[4664:35828:0408/145902.930:WARNING:browser_info.cc(345)] Returning a speculative frame for [9,9]
[4664:35828:0408/145902.931:WARNING:browser_info.cc(345)] Returning a speculative frame for [9,9]
[4664:35828:0408/145902.931:WARNING:browser_info.cc(345)] Returning a speculative frame for [9,9]
[4664:35828:0408/145902.931:WARNING:browser_info.cc(345)] Returning a speculative frame for [9,9]
[4664:36236:0408/145902.942:WARNING:browser_info.cc(345)] Returning a speculative frame for [9,9]
[37376:43580:0408/145905.305:WARNING:codec.cc(525)] Explicitly added H264 constrained baseline to list of supported formats.
[37376:43580:0408/145907.735:WARNING:codec.cc(525)] Explicitly added H264 constrained baseline to list of supported formats.
[37376:20456:0408/145907.743:WARNING:codec.cc(525)] Explicitly added H264 constrained baseline to list of supported formats.
[37376:20456:0408/145907.743:WARNING:codec.cc(525)] Explicitly added H264 constrained baseline to list of supported formats.
[37376:20456:0408/145907.743:WARNING:codec.cc(525)] Explicitly added H264 constrained baseline to list of supported formats.
[28124:33948:0408/145908.967:WARNING:host_resolver_dns_task.cc(863)] Address list empty after RFC3484 sort
[28124:33948:0408/145908.977:WARNING:host_resolver_dns_task.cc(863)] Address list empty after RFC3484 sort
[28124:33948:0408/145908.978:WARNING:host_resolver_dns_task.cc(863)] Address list empty after RFC3484 sort
[28124:33948:0408/145908.989:WARNING:host_resolver_dns_task.cc(863)] Address list empty after RFC3484 sort
[28124:33948:0408/145908.990:ERROR:socket_manager.cc(147)] Failed to resolve address for stun.cloudflare.com., errorcode: -105
[28124:33948:0408/145908.990:ERROR:socket_manager.cc(147)] Failed to resolve address for stun.cloudflare.com., errorcode: -105
[28124:33948:0408/145908.990:ERROR:socket_manager.cc(147)] Failed to resolve address for stun.cloudflare.com., errorcode: -105
[37376:20456:0408/145908.990:WARNING:stun_port.cc(442)] Port[2112800:0:1:0:host:Net[any:0:0:0:x:x:x:x:x/0:Wildcard:id=0]]: StunPort: stun host lookup received error -1
[37376:20456:0408/145908.990:WARNING:stun_port.cc(442)] Port[2113000:1:1:0:host:Net[any:0:0:0:x:x:x:x:x/0:Wildcard:id=0]]: StunPort: stun host lookup received error -1
[37376:20456:0408/145908.990:WARNING:stun_port.cc(442)] Port[2113800:2:1:0:host:Net[any:0:0:0:x:x:x:x:x/0:Wildcard:id=0]]: StunPort: stun host lookup received error -1
[28124:33948:0408/145908.998:ERROR:socket_manager.cc(147)] Failed to resolve address for stun.l.google.com., errorcode: -105
[28124:33948:0408/145908.998:ERROR:socket_manager.cc(147)] Failed to resolve address for stun.l.google.com., errorcode: -105
[28124:33948:0408/145908.998:ERROR:socket_manager.cc(147)] Failed to resolve address for stun.l.google.com., errorcode: -105
[37376:20456:0408/145908.998:WARNING:stun_port.cc(442)] Port[2112800:0:1:0:host:Net[any:0:0:0:x:x:x:x:x/0:Wildcard:id=0]]: StunPort: stun host lookup received error -1
[37376:20456:0408/145908.998:WARNING:stun_port.cc(442)] Port[2113000:1:1:0:host:Net[any:0:0:0:x:x:x:x:x/0:Wildcard:id=0]]: StunPort: stun host lookup received error -1
[37376:20456:0408/145908.998:WARNING:stun_port.cc(442)] Port[2113800:2:1:0:host:Net[any:0:0:0:x:x:x:x:x/0:Wildcard:id=0]]: StunPort: stun host lookup received error -1
[33020:37128:0408/150120.055:ERROR:shared_image_manager.cc(224)] SharedImageManager::ProduceSkia: Trying to Produce a Skia representation from a non-existent mailbox.
[4664:35828:0408/151732.376:WARNING:pref_notifier_impl.cc(41)] Pref observer for media_router.cast_allow_all_ips found at shutdown.
