[15792:29140:0406/120429.094:WARNING:chrome_main_delegate.cc(745)] This is Chrome version 128.0.6613.138 (not a warning)
[15792:24608:0406/120429.194:ERROR:google_update_settings.cc(265)] Failed opening key Software\Chromium to set usagestats; result: 5
[15792:29140:0406/120429.210:WARNING:account_consistency_mode_manager.cc(77)] Desktop Identity Consistency cannot be enabled as no OAuth client ID and client secret have been configured.
[16260:17900:0406/120436.474:WARNING:frame_impl.cc(430)] virtual CefFrameImpl::SendProcessMessage sent to detached frame 5-44E77F8377E10B9E0EE3A834E4C15AE5 will be ignored
[15792:26884:0406/120438.456:WARNING:browser_info.cc(345)] Returning a speculative frame for [8,9]
[15792:29140:0406/120439.119:WARNING:browser_info.cc(345)] Returning a speculative frame for [9,9]
[15792:29140:0406/120439.119:WARNING:browser_info.cc(345)] Returning a speculative frame for [9,9]
[15792:29140:0406/120439.119:WARNING:browser_info.cc(345)] Returning a speculative frame for [9,9]
[15792:29140:0406/120439.119:WARNING:browser_info.cc(345)] Returning a speculative frame for [9,9]
[15792:26884:0406/120439.124:WARNING:browser_info.cc(345)] Returning a speculative frame for [9,9]
[15792:26884:0406/120449.039:ERROR:cast_crl.cc(443)] CRL - Verification failed.
[35904:10836:0406/120651.452:ERROR:shared_image_manager.cc(224)] SharedImageManager::ProduceSkia: Trying to Produce a Skia representation from a non-existent mailbox.
[2448:34972:0406/123127.731:WARNING:frame_impl.cc(430)] virtual CefFrameImpl::SendProcessMessage sent to detached frame E-59353420A98F1A0A19AA2C288F6862A0 will be ignored
[16096:26628:0406/123745.659:WARNING:frame_impl.cc(430)] virtual CefFrameImpl::SendProcessMessage sent to detached frame 16-E5FD68872EE14708978590877B631D61 will be ignored
[17740:27172:0406/124021.464:WARNING:spdy_session.cc(2985)] Received HEADERS for invalid stream 31
[15792:26884:0406/132046.066:ERROR:cast_crl.cc(443)] CRL - Verification failed.
[15792:29140:0406/133249.245:ERROR:device_event_log_impl.cc(196)] [13:32:48.945] USB: usb_service_win.cc:105 SetupDiGetDeviceProperty({{A45C254E-DF1C-4EFD-8020-67D146A850E0}, 6}) failed: 요소가 없습니다. (0x490)
[15792:29140:0406/133253.397:ERROR:device_event_log_impl.cc(196)] [13:32:53.017] USB: usb_service_win.cc:105 SetupDiGetDeviceProperty({{A45C254E-DF1C-4EFD-8020-67D146A850E0}, 6}) failed: 요소가 없습니다. (0x490)
[17740:24132:0406/133254.716:WARNING:dns_config_service_win.cc(605)] Failed to read DnsConfig.
[15792:37700:0406/133254.805:WARNING:dns_config_service_win.cc(605)] Failed to read DnsConfig.
[17740:24132:0406/133254.997:WARNING:dns_config_service_win.cc(605)] Failed to read DnsConfig.
[15792:28932:0406/133255.063:WARNING:dns_config_service_win.cc(605)] Failed to read DnsConfig.
